<?xml version="1.0" encoding="UTF-8"?>
<!-- Generated by org.testng.reporters.JUnitReportReporter -->
<testsuite hostname="DESKTOP-IUVOT87" failures="0" tests="2" name="com.sportsocial.Homemodule.ComentthepostinOtheruser" time="4.581" errors="0" timestamp="2022-12-19T10:44:06 IST" skipped="0">
  <testcase classname="com.sportsocial.Homemodule.ComentthepostinOtheruser" name="updatethepost" time="2.373"/>
  <testcase classname="com.sportsocial.Homemodule.ComentthepostinOtheruser" name="commentforpostbyothers" time="2.208"/>
</testsuite> <!-- com.sportsocial.Homemodule.ComentthepostinOtheruser -->
