<?xml version="1.0" encoding="UTF-8"?>
<!-- Generated by org.testng.reporters.JUnitReportReporter -->
<testsuite hostname="DESKTOP-IUVOT87" failures="0" tests="2" name="com.sportsocial.Testngxml" time="0.021" errors="0" timestamp="2022-12-06T12:05:41 IST" skipped="0">
  <testcase classname="com.sportsocial.Testngxml" name="Test2" time="0.002"/>
  <testcase classname="com.sportsocial.Testngxml" name="Test1" time="0.019"/>
</testsuite> <!-- com.sportsocial.Testngxml -->
