<?xml version="1.0" encoding="UTF-8"?>
<!-- Generated by org.testng.reporters.JUnitReportReporter -->
<testsuite hostname="DESKTOP-IUVOT87" failures="0" tests="1" name="testngPractice.Extentpractice" time="2.481" errors="0" timestamp="2022-12-26T13:53:01 IST" skipped="0">
  <testcase classname="testngPractice.Extentpractice" name="test1" time="2.481"/>
</testsuite> <!-- testngPractice.Extentpractice -->
