<?xml version="1.0" encoding="UTF-8"?>
<!-- Generated by org.testng.reporters.JUnitReportReporter -->
<testsuite hostname="DESKTOP-IUVOT87" failures="0" tests="2" name="testngPractice.Testngpractice12" time="0.013" errors="0" timestamp="2022-12-02T15:53:31 IST" skipped="0">
  <testcase classname="testngPractice.Testngpractice12" name="Test1" time="0.006"/>
  <testcase classname="testngPractice.Testngpractice12" name="Test2" time="0.007"/>
</testsuite> <!-- testngPractice.Testngpractice12 -->
