<?xml version="1.0" encoding="UTF-8"?>
<!-- Generated by org.testng.reporters.JUnitReportReporter -->
<testsuite hostname="DESKTOP-67O2PR7" failures="0" tests="1" name="DailyPractice.Avedaapplication" time="35.780" errors="0" timestamp="2023-02-17T17:56:11 IST" skipped="0">
  <testcase classname="DailyPractice.Avedaapplication" name="fetchalloptions" time="35.780"/>
</testsuite> <!-- DailyPractice.Avedaapplication -->
