<?xml version="1.0" encoding="UTF-8"?>
<!-- Generated by org.testng.reporters.JUnitReportReporter -->
<testsuite hostname="DESKTOP-IUVOT87" failures="0" tests="1" name="com.sportsocial.adminModule.ChangeprofilePhotoTestcase1" time="1.570" errors="0" timestamp="2022-12-19T10:34:33 IST" skipped="0">
  <testcase classname="com.sportsocial.adminModule.ChangeprofilePhotoTestcase1" name="changeprofilephoto" time="1.570"/>
</testsuite> <!-- com.sportsocial.adminModule.ChangeprofilePhotoTestcase1 -->
