<?xml version="1.0" encoding="UTF-8"?>
<!-- Generated by org.testng.reporters.JUnitReportReporter -->
<testsuite hostname="DESKTOP-67O2PR7" failures="0" tests="4" name="testngPractice.Testngpractice2" time="0.027" errors="0" timestamp="2023-03-06T19:51:27 IST" skipped="0">
  <testcase classname="testngPractice.Testngpractice2" name="class2_Test2" time="0.004"/>
  <testcase classname="testngPractice.Testngpractice2" name="class2_Test2" time="0.016"/>
  <testcase classname="testngPractice.Testngpractice2" name="class2_Test1" time="0.002"/>
  <testcase classname="testngPractice.Testngpractice2" name="class2_Test1" time="0.005"/>
</testsuite> <!-- testngPractice.Testngpractice2 -->
