<?xml version="1.0" encoding="UTF-8"?>
<!-- Generated by org.testng.reporters.JUnitReportReporter -->
<testsuite hostname="DESKTOP-IUVOT87" failures="0" tests="3" name="com.sportsocial.Homemodule.Practice" time="8.559" errors="0" timestamp="2022-12-08T12:18:22 IST" skipped="0">
  <testcase classname="com.sportsocial.Homemodule.Practice" name="test2" time="3.386"/>
  <testcase classname="com.sportsocial.Homemodule.Practice" name="test3" time="2.387"/>
  <testcase classname="com.sportsocial.Homemodule.Practice" name="test1" time="2.786"/>
</testsuite> <!-- com.sportsocial.Homemodule.Practice -->
