<?xml version="1.0" encoding="UTF-8"?>
<!-- Generated by org.testng.reporters.JUnitReportReporter -->
<testsuite hostname="DESKTOP-IUVOT87" failures="0" tests="1" name="com.sportsocial.ProfileModule.EdittheProfileTestcase1" time="3.635" errors="0" timestamp="2022-12-20T12:23:28 IST" skipped="0">
  <testcase classname="com.sportsocial.ProfileModule.EdittheProfileTestcase1" name="main" time="3.635"/>
</testsuite> <!-- com.sportsocial.ProfileModule.EdittheProfileTestcase1 -->
