<?xml version="1.0" encoding="UTF-8"?>
<!-- Generated by org.testng.reporters.JUnitReportReporter -->
<testsuite hostname="DESKTOP-IUVOT87" failures="0" tests="1" name="com.sportsocial.signup.CreateaccountsTest_1" time="15.614" errors="0" timestamp="2022-12-19T10:40:51 IST" skipped="0">
  <testcase classname="com.sportsocial.signup.CreateaccountsTest_1" name="createaccount" time="15.614"/>
</testsuite> <!-- com.sportsocial.signup.CreateaccountsTest_1 -->
