<?xml version="1.0" encoding="UTF-8"?>
<!-- Generated by org.testng.reporters.JUnitReportReporter -->
<testsuite hostname="DESKTOP-IUVOT87" failures="0" tests="3" name="com.sportsocial.Testing2" time="0.009" errors="0" timestamp="2022-12-14T17:28:07 IST" skipped="0">
  <testcase classname="com.sportsocial.Testing2" name="test3" time="0.003"/>
  <testcase classname="com.sportsocial.Testing2" name="test1" time="0.002"/>
  <testcase classname="com.sportsocial.Testing2" name="test2" time="0.004"/>
</testsuite> <!-- com.sportsocial.Testing2 -->
