<?xml version="1.0" encoding="UTF-8"?>
<!-- Generated by org.testng.reporters.JUnitReportReporter -->
<testsuite hostname="DESKTOP-67O2PR7" failures="0" tests="1" name="DailyPractice.Money_Rediff" time="37.531" errors="0" timestamp="2023-02-19T12:12:58 IST" skipped="0">
  <testcase classname="DailyPractice.Money_Rediff" name="HandleDynamicWebTable" time="37.531"/>
</testsuite> <!-- DailyPractice.Money_Rediff -->
