<?xml version="1.0" encoding="UTF-8"?>
<!-- Generated by org.testng.reporters.JUnitReportReporter -->
<testsuite hostname="DESKTOP-67O2PR7" failures="0" tests="4" name="testngPractice.Testngpractice3_1" time="0.074" errors="0" timestamp="2023-03-06T19:51:27 IST" skipped="0">
  <testcase classname="testngPractice.Testngpractice3_1" name="class3_Test1" time="0.003"/>
  <testcase classname="testngPractice.Testngpractice3_1" name="class3_Test2" time="0.001"/>
  <testcase classname="testngPractice.Testngpractice3_1" name="class3_Test2" time="0.007"/>
  <testcase classname="testngPractice.Testngpractice3_1" name="class3_Test1" time="0.063"/>
</testsuite> <!-- testngPractice.Testngpractice3_1 -->
