<?xml version="1.0" encoding="UTF-8"?>
<!-- Generated by org.testng.reporters.JUnitReportReporter -->
<testsuite hostname="DESKTOP-IUVOT87" failures="0" tests="2" name="testngPractice.Testngpractice" time="0.016" errors="0" timestamp="2022-12-02T15:50:29 IST" skipped="0">
  <testcase classname="testngPractice.Testngpractice" name="Test1" time="0.011"/>
  <testcase classname="testngPractice.Testngpractice" name="Test2" time="0.005"/>
</testsuite> <!-- testngPractice.Testngpractice -->
