<?xml version="1.0" encoding="UTF-8"?>
<!-- Generated by org.testng.reporters.JUnitReportReporter -->
<testsuite hostname="DESKTOP-67O2PR7" failures="0" tests="4" name="testngPractice.Testngpractice1" time="0.286" errors="0" timestamp="2023-03-06T19:51:27 IST" skipped="0">
  <testcase classname="testngPractice.Testngpractice1" name="class1_Test1" time="0.268"/>
  <testcase classname="testngPractice.Testngpractice1" name="class1_Test2" time="0.003"/>
  <testcase classname="testngPractice.Testngpractice1" name="class1_Test1" time="0.010"/>
  <testcase classname="testngPractice.Testngpractice1" name="class1_Test2" time="0.005"/>
</testsuite> <!-- testngPractice.Testngpractice1 -->
