<?xml version="1.0" encoding="UTF-8"?>
<!-- Generated by org.testng.reporters.JUnitReportReporter -->
<testsuite hostname="DESKTOP-IUVOT87" failures="0" tests="1" name="com.sportsocial.adminModule.Verfiytheprofileinfo" time="2.418" errors="0" timestamp="2022-12-19T10:34:33 IST" skipped="0">
  <testcase classname="com.sportsocial.adminModule.Verfiytheprofileinfo" name="Verifytheprofile" time="2.418"/>
</testsuite> <!-- com.sportsocial.adminModule.Verfiytheprofileinfo -->
