<?xml version="1.0" encoding="UTF-8"?>
<!-- Generated by org.testng.reporters.JUnitReportReporter -->
<testsuite hostname="DESKTOP-IUVOT87" failures="0" tests="3" name="com.sportsocial.Testing1" time="0.035" errors="0" timestamp="2022-12-15T10:29:35 IST" skipped="0">
  <testcase classname="com.sportsocial.Testing1" name="test1" time="0.027"/>
  <testcase classname="com.sportsocial.Testing1" name="test3" time="0.006"/>
  <testcase classname="com.sportsocial.Testing1" name="test2" time="0.002"/>
</testsuite> <!-- com.sportsocial.Testing1 -->
