<?xml version="1.0" encoding="UTF-8"?>
<!-- Generated by org.testng.reporters.JUnitReportReporter -->
<testsuite hostname="DESKTOP-67O2PR7" failures="0" tests="1" name="DailyPractice.Amazon" time="19.333" errors="0" timestamp="2023-02-17T17:05:34 IST" skipped="0">
  <testcase classname="DailyPractice.Amazon" name="selectoption" time="19.333"/>
</testsuite> <!-- DailyPractice.Amazon -->
